<?xml version="1.0" encoding="UTF-8"?>
<robot generator="Robot 6.1.1 (Python 3.9.4 on win32)" generated="20230914 17:40:00.341" rpa="false" schemaversion="4">
<suite id="s1" name="First Test" source="D:\PythonProjekty\test_robotFramework\tests\first_test.robot">
<kw name="Prepare Env" type="SETUP">
<kw name="Set Selenium Speed" library="SeleniumLibrary">
<arg>2</arg>
<doc>Sets the delay that is waited after each Selenium command.</doc>
<status status="PASS" starttime="20230914 17:40:00.565" endtime="20230914 17:40:00.565"/>
</kw>
<status status="PASS" starttime="20230914 17:40:00.564" endtime="20230914 17:40:00.565"/>
</kw>
<test id="s1-t1" name="First test go to website, type cat and click search" line="11">
<kw name="Open websiteeees">
<kw name="Open Browser" library="SeleniumLibrary">
<arg>https://google.pl</arg>
<arg>chrome</arg>
<doc>Opens a new browser instance to the optional ``url``.</doc>
<msg timestamp="20230914 17:40:00.566" level="INFO">Opening browser 'chrome' to base url 'https://google.pl'.</msg>
<status status="PASS" starttime="20230914 17:40:00.566" endtime="20230914 17:40:06.456"/>
</kw>
<kw name="Maximize Browser Window" library="SeleniumLibrary">
<doc>Maximizes current browser window.</doc>
<status status="PASS" starttime="20230914 17:40:06.456" endtime="20230914 17:40:08.575"/>
</kw>
<status status="PASS" starttime="20230914 17:40:00.566" endtime="20230914 17:40:08.575"/>
</kw>
<kw name="Accept Rules Google">
<kw name="Wait Until Element Is Visible" library="SeleniumLibrary">
<arg>xpath=/html/body/div[2]/div[3]/div[3]/span/div/div/div/div[3]/div[1]/button[2]</arg>
<doc>Waits until the element ``locator`` is visible.</doc>
<status status="PASS" starttime="20230914 17:40:08.576" endtime="20230914 17:40:12.625"/>
</kw>
<kw name="Click Element" library="SeleniumLibrary">
<arg>xpath=/html/body/div[2]/div[3]/div[3]/span/div/div/div/div[3]/div[1]/button[2]</arg>
<doc>Click the element identified by ``locator``.</doc>
<msg timestamp="20230914 17:40:12.626" level="INFO">Clicking element 'xpath=/html/body/div[2]/div[3]/div[3]/span/div/div/div/div[3]/div[1]/button[2]'.</msg>
<status status="PASS" starttime="20230914 17:40:12.625" endtime="20230914 17:40:16.686"/>
</kw>
<status status="PASS" starttime="20230914 17:40:08.576" endtime="20230914 17:40:16.686"/>
</kw>
<kw name="Typing Cat">
<kw name="Input Text" library="SeleniumLibrary">
<arg>xpath=//textarea[@id='APjFqb']</arg>
<arg>cat</arg>
<doc>Types the given ``text`` into the text field identified by ``locator``.</doc>
<msg timestamp="20230914 17:40:16.687" level="INFO">Typing text 'cat' into text field 'xpath=//textarea[@id='APjFqb']'.</msg>
<status status="PASS" starttime="20230914 17:40:16.687" endtime="20230914 17:40:22.794"/>
</kw>
<status status="PASS" starttime="20230914 17:40:16.686" endtime="20230914 17:40:22.794"/>
</kw>
<kw name="Click Searching">
<kw name="Press Keys" library="SeleniumLibrary">
<arg>xpath=//textarea[@id='APjFqb']</arg>
<arg>ENTER</arg>
<doc>Simulates the user pressing key(s) to an element or on the active browser.</doc>
<msg timestamp="20230914 17:40:22.796" level="INFO">Sending key(s) ('ENTER',) to xpath=//textarea[@id='APjFqb'] element.</msg>
<msg timestamp="20230914 17:40:27.096" level="INFO">Pressing special key ENTER to element.</msg>
<msg timestamp="20230914 17:40:27.096" level="INFO">Releasing special key ENTER.</msg>
<status status="PASS" starttime="20230914 17:40:22.795" endtime="20230914 17:40:37.554"/>
</kw>
<status status="PASS" starttime="20230914 17:40:22.795" endtime="20230914 17:40:37.554"/>
</kw>
<kw name="Close Browser" library="SeleniumLibrary" type="TEARDOWN">
<doc>Closes the current browser.</doc>
<status status="PASS" starttime="20230914 17:40:37.554" endtime="20230914 17:40:41.637"/>
</kw>
<status status="PASS" starttime="20230914 17:40:00.565" endtime="20230914 17:40:41.638"/>
</test>
<doc>Simple example using SeleniumLibrary</doc>
<status status="PASS" starttime="20230914 17:40:00.343" endtime="20230914 17:40:41.639"/>
</suite>
<statistics>
<total>
<stat pass="1" fail="0" skip="0">All Tests</stat>
</total>
<tag>
</tag>
<suite>
<stat pass="1" fail="0" skip="0" id="s1" name="First Test">First Test</stat>
</suite>
</statistics>
<errors>
</errors>
</robot>
