<?xml version="1.0" encoding="UTF-8"?>
<robot generator="Robot 6.1.1 (Python 3.9.4 on win32)" generated="20230918 11:26:24.220" rpa="false" schemaversion="4">
<suite id="s1" name="Secund Test" source="D:\PythonProjekty\test_robotFramework\tests\secund_test.robot">
<kw name="Prepare Env" type="SETUP">
<kw name="Set Selenium Speed" library="SeleniumLibrary">
<arg>1</arg>
<doc>Sets the delay that is waited after each Selenium command.</doc>
<status status="PASS" starttime="20230918 11:26:24.461" endtime="20230918 11:26:24.462"/>
</kw>
<status status="PASS" starttime="20230918 11:26:24.461" endtime="20230918 11:26:24.462"/>
</kw>
<test id="s1-t1" name="Login to admin pass or fail" line="12">
<kw name="Open websiteeees">
<kw name="Open Browser" library="SeleniumLibrary">
<arg>https://poczta.wp.pl</arg>
<arg>chrome</arg>
<doc>Opens a new browser instance to the optional ``url``.</doc>
<msg timestamp="20230918 11:26:24.464" level="INFO">Opening browser 'chrome' to base url 'https://poczta.wp.pl'.</msg>
<status status="PASS" starttime="20230918 11:26:24.463" endtime="20230918 11:26:27.418"/>
</kw>
<kw name="Maximize Browser Window" library="SeleniumLibrary">
<doc>Maximizes current browser window.</doc>
<status status="PASS" starttime="20230918 11:26:27.418" endtime="20230918 11:26:28.555"/>
</kw>
<status status="PASS" starttime="20230918 11:26:24.463" endtime="20230918 11:26:28.555"/>
</kw>
<kw name="Accept Rules Google">
<kw name="Wait Until Element Is Visible" library="SeleniumLibrary">
<arg>xpath=/html/body/div[3]/div/div[2]/div[3]/div/button[2]</arg>
<doc>Waits until the element ``locator`` is visible.</doc>
<status status="PASS" starttime="20230918 11:26:28.556" endtime="20230918 11:26:30.602"/>
</kw>
<kw name="Click Element" library="SeleniumLibrary">
<arg>xpath=/html/body/div[3]/div/div[2]/div[3]/div/button[2]</arg>
<doc>Click the element identified by ``locator``.</doc>
<msg timestamp="20230918 11:26:30.603" level="INFO">Clicking element 'xpath=/html/body/div[3]/div/div[2]/div[3]/div/button[2]'.</msg>
<status status="PASS" starttime="20230918 11:26:30.602" endtime="20230918 11:26:32.674"/>
</kw>
<status status="PASS" starttime="20230918 11:26:28.556" endtime="20230918 11:26:32.674"/>
</kw>
<kw name="Typing login">
<kw name="Input Text" library="SeleniumLibrary">
<arg>id:login</arg>
<arg>${LOGIN}</arg>
<doc>Types the given ``text`` into the text field identified by ``locator``.</doc>
<msg timestamp="20230918 11:26:32.675" level="INFO">Typing text 'promomedi' into text field 'id:login'.</msg>
<status status="PASS" starttime="20230918 11:26:32.675" endtime="20230918 11:26:35.810"/>
</kw>
<status status="PASS" starttime="20230918 11:26:32.674" endtime="20230918 11:26:35.810"/>
</kw>
<kw name="Typing password">
<kw name="Input Text" library="SeleniumLibrary">
<arg>id:password</arg>
<arg>${PASSWORD}</arg>
<doc>Types the given ``text`` into the text field identified by ``locator``.</doc>
<msg timestamp="20230918 11:26:35.812" level="INFO">Typing text 'mlosdy1111' into text field 'id:password'.</msg>
<status status="PASS" starttime="20230918 11:26:35.811" endtime="20230918 11:26:38.917"/>
</kw>
<status status="PASS" starttime="20230918 11:26:35.811" endtime="20230918 11:26:38.917"/>
</kw>
<kw name="Click Enter">
<kw name="Press Keys" library="SeleniumLibrary">
<arg>id:password</arg>
<arg>ENTER</arg>
<doc>Simulates the user pressing key(s) to an element or on the active browser.</doc>
<msg timestamp="20230918 11:26:38.919" level="INFO">Sending key(s) ('ENTER',) to id:password element.</msg>
<msg timestamp="20230918 11:26:41.207" level="INFO">Pressing special key ENTER to element.</msg>
<msg timestamp="20230918 11:26:41.207" level="INFO">Releasing special key ENTER.</msg>
<status status="PASS" starttime="20230918 11:26:38.918" endtime="20230918 11:26:42.644"/>
</kw>
<status status="PASS" starttime="20230918 11:26:38.917" endtime="20230918 11:26:42.644"/>
</kw>
<kw name="LOG CURRENT LOCATION">
<kw name="Execute Javascript" library="SeleniumLibrary">
<var>${url}</var>
<arg>return window.location.href;</arg>
<doc>Executes the given JavaScript code with possible arguments.</doc>
<msg timestamp="20230918 11:26:42.646" level="INFO">Executing JavaScript:
return window.location.href;
Without any arguments.</msg>
<msg timestamp="20230918 11:26:43.665" level="INFO">${url} = https://poczta.wp.pl/login/login.html#bad_login</msg>
<status status="PASS" starttime="20230918 11:26:42.645" endtime="20230918 11:26:43.665"/>
</kw>
<kw name="Log" library="BuiltIn">
<arg>LOCATIhON:${url}</arg>
<arg>console=yes</arg>
<doc>Logs the given message with the given level.</doc>
<msg timestamp="20230918 11:26:43.666" level="INFO">LOCATIhON:https://poczta.wp.pl/login/login.html#bad_login</msg>
<status status="PASS" starttime="20230918 11:26:43.665" endtime="20230918 11:26:43.666"/>
</kw>
<kw name="Run Keyword If" library="BuiltIn">
<arg>"${url}" != "${expected_link}"</arg>
<arg>Fail</arg>
<arg>Link is not equal to expected</arg>
<doc>Runs the given keyword with the given arguments, if ``condition`` is true.</doc>
<kw name="Fail" library="BuiltIn">
<arg>Link is not equal to expected</arg>
<doc>Fails the test with the given message and optionally alters its tags.</doc>
<msg timestamp="20230918 11:26:43.667" level="FAIL">Link is not equal to expected</msg>
<status status="FAIL" starttime="20230918 11:26:43.667" endtime="20230918 11:26:43.667"/>
</kw>
<status status="FAIL" starttime="20230918 11:26:43.666" endtime="20230918 11:26:43.667"/>
</kw>
<status status="FAIL" starttime="20230918 11:26:42.644" endtime="20230918 11:26:43.667"/>
</kw>
<status status="FAIL" starttime="20230918 11:26:24.462" endtime="20230918 11:26:43.667">Link is not equal to expected</status>
</test>
<doc>Test login to admin account</doc>
<status status="FAIL" starttime="20230918 11:26:24.222" endtime="20230918 11:26:43.669"/>
</suite>
<statistics>
<total>
<stat pass="0" fail="1" skip="0">All Tests</stat>
</total>
<tag>
</tag>
<suite>
<stat pass="0" fail="1" skip="0" id="s1" name="Secund Test">Secund Test</stat>
</suite>
</statistics>
<errors>
</errors>
</robot>
